[2025-08-31 15:28:48.005] INFO [ShardManager]: Initializing ShardManager with 4 shards...
[2025-08-31 15:28:48.007] INFO [ShardManager]: ShardManager initialized
[2025-08-31 15:28:48.007] INFO [ShardManager]: Starting ShardManager...
[2025-08-31 15:28:48.007] INFO [ShardManager]: ShardManager started
[2025-08-31 15:33:48.014] INFO [ShardManager]: Starting shard rebalancing...
[2025-08-31 15:33:48.017] INFO [ShardManager]: Migrating data from shard-3 to shard-1
[2025-08-31 15:33:48.018] INFO [ShardManager]: Shard rebalancing completed
[2025-08-31 15:38:48.033] INFO [ShardManager]: Starting shard rebalancing...
[2025-08-31 15:38:48.036] INFO [ShardManager]: Migrating data from shard-0 to shard-2
[2025-08-31 15:38:48.036] INFO [ShardManager]: Shard rebalancing completed
[2025-08-31 15:43:48.013] INFO [ShardManager]: Starting shard rebalancing...
[2025-08-31 15:43:48.015] INFO [ShardManager]: No rebalancing needed
[2025-08-31 15:48:48.017] INFO [ShardManager]: Starting shard rebalancing...
[2025-08-31 15:48:48.018] INFO [ShardManager]: Migrating data from shard-1 to shard-2
[2025-08-31 15:48:48.018] INFO [ShardManager]: Shard rebalancing completed
[2025-08-31 15:53:48.020] INFO [ShardManager]: Starting shard rebalancing...
[2025-08-31 15:53:48.021] INFO [ShardManager]: No rebalancing needed
[2025-08-31 16:05:09.845] INFO [ShardManager]: Starting shard rebalancing...
[2025-08-31 16:05:09.899] INFO [ShardManager]: Migrating data from shard-2 to shard-0
[2025-08-31 16:05:09.901] INFO [ShardManager]: Shard rebalancing completed
[2025-08-31 16:23:28.967] INFO [ShardManager]: Starting shard rebalancing...
[2025-08-31 16:23:28.969] INFO [ShardManager]: No rebalancing needed
[2025-08-31 16:28:28.947] INFO [ShardManager]: Starting shard rebalancing...
[2025-08-31 16:28:28.947] INFO [ShardManager]: Migrating data from shard-3 to shard-2
[2025-08-31 16:28:28.948] INFO [ShardManager]: Shard rebalancing completed
[2025-08-31 16:33:28.948] INFO [ShardManager]: Starting shard rebalancing...
[2025-08-31 16:33:28.949] INFO [ShardManager]: Migrating data from shard-3 to shard-2
[2025-08-31 16:33:28.949] INFO [ShardManager]: Shard rebalancing completed
[2025-08-31 16:38:28.967] INFO [ShardManager]: Starting shard rebalancing...
[2025-08-31 16:38:28.968] INFO [ShardManager]: No rebalancing needed
[2025-08-31 16:43:28.970] INFO [ShardManager]: Starting shard rebalancing...
[2025-08-31 16:43:28.970] INFO [ShardManager]: No rebalancing needed
[2025-08-31 16:48:28.973] INFO [ShardManager]: Starting shard rebalancing...
[2025-08-31 16:48:28.974] INFO [ShardManager]: Migrating data from shard-0 to shard-2
[2025-08-31 16:48:28.974] INFO [ShardManager]: Shard rebalancing completed
[2025-08-31 17:07:48.969] INFO [ShardManager]: Starting shard rebalancing...
[2025-08-31 17:07:48.969] INFO [ShardManager]: Migrating data from shard-3 to shard-1
[2025-08-31 17:07:48.969] INFO [ShardManager]: Shard rebalancing completed
[2025-08-31 17:18:03.240] INFO [ShardManager]: Starting shard rebalancing...
[2025-08-31 17:18:03.240] INFO [ShardManager]: No rebalancing needed
[2025-08-31 17:23:03.260] INFO [ShardManager]: Starting shard rebalancing...
[2025-08-31 17:23:03.260] INFO [ShardManager]: Migrating data from shard-1 to shard-0
[2025-08-31 17:23:03.261] INFO [ShardManager]: Shard rebalancing completed
[2025-08-31 17:28:03.276] INFO [ShardManager]: Starting shard rebalancing...
[2025-08-31 17:28:03.277] INFO [ShardManager]: Migrating data from shard-1 to shard-3
[2025-08-31 17:28:03.283] INFO [ShardManager]: Shard rebalancing completed
[2025-08-31 17:33:03.271] INFO [ShardManager]: Starting shard rebalancing...
[2025-08-31 17:33:03.272] INFO [ShardManager]: Migrating data from shard-0 to shard-2
[2025-08-31 17:33:03.272] INFO [ShardManager]: Shard rebalancing completed
[2025-08-31 17:38:03.284] INFO [ShardManager]: Starting shard rebalancing...
[2025-08-31 17:38:03.284] INFO [ShardManager]: Migrating data from shard-3 to shard-2
[2025-08-31 17:38:03.285] INFO [ShardManager]: Shard rebalancing completed
[2025-08-31 17:43:03.288] INFO [ShardManager]: Starting shard rebalancing...
[2025-08-31 17:43:03.289] INFO [ShardManager]: Migrating data from shard-0 to shard-3
[2025-08-31 17:43:03.289] INFO [ShardManager]: Migrating data from shard-1 to shard-3
[2025-08-31 17:43:03.289] INFO [ShardManager]: Shard rebalancing completed
[2025-08-31 17:48:03.291] INFO [ShardManager]: Starting shard rebalancing...
[2025-08-31 17:48:03.294] INFO [ShardManager]: Migrating data from shard-3 to shard-1
[2025-08-31 17:48:03.294] INFO [ShardManager]: Shard rebalancing completed
[2025-08-31 18:08:10.982] INFO [ShardManager]: Starting shard rebalancing...
[2025-08-31 18:08:10.983] INFO [ShardManager]: Migrating data from shard-0 to shard-1
[2025-08-31 18:08:10.984] INFO [ShardManager]: Shard rebalancing completed
[2025-08-31 18:13:10.953] INFO [ShardManager]: Starting shard rebalancing...
[2025-08-31 18:13:10.953] INFO [ShardManager]: Migrating data from shard-0 to shard-2
[2025-08-31 18:13:10.954] INFO [ShardManager]: Migrating data from shard-3 to shard-2
[2025-08-31 18:13:10.954] INFO [ShardManager]: Shard rebalancing completed
[2025-08-31 18:18:10.953] INFO [ShardManager]: Starting shard rebalancing...
[2025-08-31 18:18:10.954] INFO [ShardManager]: No rebalancing needed
[2025-08-31 18:23:10.955] INFO [ShardManager]: Starting shard rebalancing...
[2025-08-31 18:23:10.955] INFO [ShardManager]: No rebalancing needed
[2025-08-31 18:28:10.960] INFO [ShardManager]: Starting shard rebalancing...
[2025-08-31 18:28:10.961] INFO [ShardManager]: No rebalancing needed
[2025-08-31 18:33:10.961] INFO [ShardManager]: Starting shard rebalancing...
[2025-08-31 18:33:10.963] INFO [ShardManager]: No rebalancing needed
[2025-08-31 18:38:10.963] INFO [ShardManager]: Starting shard rebalancing...
[2025-08-31 18:38:10.963] INFO [ShardManager]: Migrating data from shard-2 to shard-1
[2025-08-31 18:38:10.964] INFO [ShardManager]: Shard rebalancing completed
[2025-08-31 18:43:10.968] INFO [ShardManager]: Starting shard rebalancing...
[2025-08-31 18:43:10.969] INFO [ShardManager]: Migrating data from shard-0 to shard-3
[2025-08-31 18:43:10.969] INFO [ShardManager]: Shard rebalancing completed
[2025-08-31 18:48:15.048] INFO [ShardManager]: Starting shard rebalancing...
[2025-08-31 18:48:15.049] INFO [ShardManager]: Migrating data from shard-3 to shard-2
[2025-08-31 18:48:15.049] INFO [ShardManager]: Shard rebalancing completed
[2025-08-31 18:53:15.055] INFO [ShardManager]: Starting shard rebalancing...
[2025-08-31 18:53:15.056] INFO [ShardManager]: Migrating data from shard-1 to shard-3
[2025-08-31 18:53:15.056] INFO [ShardManager]: Shard rebalancing completed
[2025-08-31 18:58:15.056] INFO [ShardManager]: Starting shard rebalancing...
[2025-08-31 18:58:15.057] INFO [ShardManager]: Migrating data from shard-3 to shard-0
[2025-08-31 18:58:15.057] INFO [ShardManager]: Shard rebalancing completed
[2025-08-31 19:03:15.058] INFO [ShardManager]: Starting shard rebalancing...
[2025-08-31 19:03:15.058] INFO [ShardManager]: Migrating data from shard-2 to shard-3
[2025-08-31 19:03:15.058] INFO [ShardManager]: Shard rebalancing completed
[2025-08-31 19:08:15.063] INFO [ShardManager]: Starting shard rebalancing...
[2025-08-31 19:08:15.064] INFO [ShardManager]: Migrating data from shard-2 to shard-3
[2025-08-31 19:08:15.064] INFO [ShardManager]: Shard rebalancing completed
[2025-08-31 19:13:15.065] INFO [ShardManager]: Starting shard rebalancing...
[2025-08-31 19:13:15.066] INFO [ShardManager]: No rebalancing needed
[2025-08-31 19:18:15.067] INFO [ShardManager]: Starting shard rebalancing...
[2025-08-31 19:18:15.068] INFO [ShardManager]: Migrating data from shard-2 to shard-3
[2025-08-31 19:18:15.068] INFO [ShardManager]: Shard rebalancing completed
[2025-08-31 19:23:15.062] INFO [ShardManager]: Starting shard rebalancing...
[2025-08-31 19:23:15.063] INFO [ShardManager]: No rebalancing needed
[2025-08-31 19:28:15.065] INFO [ShardManager]: Starting shard rebalancing...
[2025-08-31 19:28:15.065] INFO [ShardManager]: Migrating data from shard-1 to shard-2
[2025-08-31 19:28:15.066] INFO [ShardManager]: Shard rebalancing completed
[2025-08-31 19:33:15.066] INFO [ShardManager]: Starting shard rebalancing...
[2025-08-31 19:33:15.068] INFO [ShardManager]: No rebalancing needed
[2025-08-31 19:38:15.098] INFO [ShardManager]: Starting shard rebalancing...
[2025-08-31 19:38:15.099] INFO [ShardManager]: Migrating data from shard-0 to shard-2
[2025-08-31 19:38:15.099] INFO [ShardManager]: Shard rebalancing completed
[2025-08-31 19:43:15.103] INFO [ShardManager]: Starting shard rebalancing...
[2025-08-31 19:43:15.103] INFO [ShardManager]: Migrating data from shard-1 to shard-3
[2025-08-31 19:43:15.104] INFO [ShardManager]: Migrating data from shard-2 to shard-3
[2025-08-31 19:43:15.104] INFO [ShardManager]: Shard rebalancing completed
[2025-08-31 19:50:30.055] INFO [ShardManager]: Starting shard rebalancing...
[2025-08-31 19:50:30.201] INFO [ShardManager]: Migrating data from shard-3 to shard-0
[2025-08-31 19:50:30.202] INFO [ShardManager]: Shard rebalancing completed
[2025-08-31 20:06:15.998] INFO [ShardManager]: Starting shard rebalancing...
[2025-08-31 20:06:15.998] INFO [ShardManager]: Migrating data from shard-3 to shard-2
[2025-08-31 20:06:15.999] INFO [ShardManager]: Shard rebalancing completed
[2025-08-31 20:11:15.999] INFO [ShardManager]: Starting shard rebalancing...
[2025-08-31 20:11:16.000] INFO [ShardManager]: Migrating data from shard-1 to shard-2
[2025-08-31 20:11:16.000] INFO [ShardManager]: Shard rebalancing completed
[2025-08-31 20:16:16.010] INFO [ShardManager]: Starting shard rebalancing...
[2025-08-31 20:16:16.010] INFO [ShardManager]: Migrating data from shard-2 to shard-1
[2025-08-31 20:16:16.011] INFO [ShardManager]: Shard rebalancing completed
[2025-08-31 20:21:16.013] INFO [ShardManager]: Starting shard rebalancing...
[2025-08-31 20:21:16.015] INFO [ShardManager]: No rebalancing needed
[2025-08-31 20:26:16.016] INFO [ShardManager]: Starting shard rebalancing...
[2025-08-31 20:26:16.016] INFO [ShardManager]: Migrating data from shard-2 to shard-3
[2025-08-31 20:26:16.017] INFO [ShardManager]: Shard rebalancing completed
[2025-08-31 20:31:15.997] INFO [ShardManager]: Starting shard rebalancing...
[2025-08-31 20:31:15.998] INFO [ShardManager]: No rebalancing needed
[2025-08-31 20:36:15.998] INFO [ShardManager]: Starting shard rebalancing...
[2025-08-31 20:36:15.999] INFO [ShardManager]: No rebalancing needed
[2025-08-31 20:41:16.000] INFO [ShardManager]: Starting shard rebalancing...
[2025-08-31 20:41:16.001] INFO [ShardManager]: Migrating data from shard-0 to shard-2
[2025-08-31 20:41:16.001] INFO [ShardManager]: Shard rebalancing completed
[2025-08-31 20:46:16.017] INFO [ShardManager]: Starting shard rebalancing...
[2025-08-31 20:46:16.018] INFO [ShardManager]: Migrating data from shard-0 to shard-1
[2025-08-31 20:46:16.018] INFO [ShardManager]: Migrating data from shard-2 to shard-1
[2025-08-31 20:46:16.018] INFO [ShardManager]: Shard rebalancing completed
[2025-08-31 20:51:16.020] INFO [ShardManager]: Starting shard rebalancing...
[2025-08-31 20:51:16.021] INFO [ShardManager]: Migrating data from shard-1 to shard-2
[2025-08-31 20:51:16.021] INFO [ShardManager]: Shard rebalancing completed
[2025-08-31 20:56:16.023] INFO [ShardManager]: Starting shard rebalancing...
[2025-08-31 20:56:16.024] INFO [ShardManager]: No rebalancing needed
[2025-08-31 21:13:36.319] INFO [ShardManager]: Starting shard rebalancing...
[2025-08-31 21:13:36.321] INFO [ShardManager]: Migrating data from shard-0 to shard-2
[2025-08-31 21:13:36.321] INFO [ShardManager]: Shard rebalancing completed
[2025-08-31 21:29:09.285] INFO [ShardManager]: Starting shard rebalancing...
[2025-08-31 21:29:09.285] INFO [ShardManager]: Migrating data from shard-3 to shard-0
[2025-08-31 21:29:09.286] INFO [ShardManager]: Shard rebalancing completed
[2025-08-31 21:44:45.139] INFO [ShardManager]: Starting shard rebalancing...
[2025-08-31 21:44:45.140] INFO [ShardManager]: Migrating data from shard-1 to shard-0
[2025-08-31 21:44:45.140] INFO [ShardManager]: Shard rebalancing completed
[2025-08-31 21:52:49.149] INFO [ShardManager]: Starting shard rebalancing...
[2025-08-31 21:52:49.149] INFO [ShardManager]: Migrating data from shard-0 to shard-1
[2025-08-31 21:52:49.149] INFO [ShardManager]: Migrating data from shard-3 to shard-1
[2025-08-31 21:52:49.150] INFO [ShardManager]: Shard rebalancing completed
[2025-08-31 21:57:49.164] INFO [ShardManager]: Starting shard rebalancing...
[2025-08-31 21:57:49.165] INFO [ShardManager]: No rebalancing needed
[2025-08-31 22:02:49.164] INFO [ShardManager]: Starting shard rebalancing...
[2025-08-31 22:02:49.165] INFO [ShardManager]: Migrating data from shard-3 to shard-2
[2025-08-31 22:02:49.166] INFO [ShardManager]: Shard rebalancing completed
[2025-08-31 22:07:49.179] INFO [ShardManager]: Starting shard rebalancing...
[2025-08-31 22:07:49.180] INFO [ShardManager]: Migrating data from shard-3 to shard-1
[2025-08-31 22:07:49.181] INFO [ShardManager]: Shard rebalancing completed
[2025-08-31 22:12:49.179] INFO [ShardManager]: Starting shard rebalancing...
[2025-08-31 22:12:49.180] INFO [ShardManager]: No rebalancing needed
[2025-08-31 22:17:49.180] INFO [ShardManager]: Starting shard rebalancing...
[2025-08-31 22:17:49.189] INFO [ShardManager]: Migrating data from shard-3 to shard-0
[2025-08-31 22:17:49.190] INFO [ShardManager]: Shard rebalancing completed
[2025-08-31 22:22:49.165] INFO [ShardManager]: Starting shard rebalancing...
[2025-08-31 22:22:49.166] INFO [ShardManager]: No rebalancing needed
[2025-08-31 22:27:49.179] INFO [ShardManager]: Starting shard rebalancing...
[2025-08-31 22:27:49.180] INFO [ShardManager]: No rebalancing needed
[2025-08-31 22:32:49.180] INFO [ShardManager]: Starting shard rebalancing...
[2025-08-31 22:32:49.181] INFO [ShardManager]: Migrating data from shard-3 to shard-0
[2025-08-31 22:32:49.182] INFO [ShardManager]: Shard rebalancing completed
[2025-08-31 22:37:49.181] INFO [ShardManager]: Starting shard rebalancing...
[2025-08-31 22:37:49.181] INFO [ShardManager]: Migrating data from shard-1 to shard-0
[2025-08-31 22:37:49.181] INFO [ShardManager]: Migrating data from shard-3 to shard-0
[2025-08-31 22:37:49.181] INFO [ShardManager]: Shard rebalancing completed
[2025-08-31 22:42:49.151] INFO [ShardManager]: Starting shard rebalancing...
[2025-08-31 22:42:49.151] INFO [ShardManager]: Migrating data from shard-0 to shard-2
[2025-08-31 22:42:49.152] INFO [ShardManager]: Migrating data from shard-3 to shard-2
[2025-08-31 22:42:49.152] INFO [ShardManager]: Shard rebalancing completed
[2025-08-31 22:47:49.149] INFO [ShardManager]: Starting shard rebalancing...
[2025-08-31 22:47:49.150] INFO [ShardManager]: Migrating data from shard-3 to shard-1
[2025-08-31 22:47:49.150] INFO [ShardManager]: Shard rebalancing completed
[2025-08-31 22:52:49.148] INFO [ShardManager]: Starting shard rebalancing...
[2025-08-31 22:52:49.149] INFO [ShardManager]: No rebalancing needed
[2025-08-31 22:57:49.170] INFO [ShardManager]: Starting shard rebalancing...
[2025-08-31 22:57:49.171] INFO [ShardManager]: No rebalancing needed
[2025-08-31 23:02:49.190] INFO [ShardManager]: Starting shard rebalancing...
[2025-08-31 23:02:49.247] INFO [ShardManager]: No rebalancing needed
[2025-08-31 23:07:49.178] INFO [ShardManager]: Starting shard rebalancing...
[2025-08-31 23:07:49.180] INFO [ShardManager]: Migrating data from shard-0 to shard-3
[2025-08-31 23:07:49.180] INFO [ShardManager]: Shard rebalancing completed
[2025-08-31 23:12:49.172] INFO [ShardManager]: Starting shard rebalancing...
[2025-08-31 23:12:49.172] INFO [ShardManager]: Migrating data from shard-1 to shard-3
[2025-08-31 23:12:49.173] INFO [ShardManager]: Migrating data from shard-2 to shard-3
[2025-08-31 23:12:49.173] INFO [ShardManager]: Shard rebalancing completed
[2025-08-31 23:17:49.196] INFO [ShardManager]: Starting shard rebalancing...
[2025-08-31 23:17:49.197] INFO [ShardManager]: No rebalancing needed
[2025-08-31 23:35:07.955] INFO [ShardManager]: Starting shard rebalancing...
[2025-08-31 23:35:07.955] INFO [ShardManager]: Migrating data from shard-2 to shard-1
[2025-08-31 23:35:07.955] INFO [ShardManager]: Shard rebalancing completed
[2025-08-31 23:52:47.948] INFO [ShardManager]: Starting shard rebalancing...
[2025-08-31 23:52:47.949] INFO [ShardManager]: Migrating data from shard-1 to shard-0
[2025-08-31 23:52:47.950] INFO [ShardManager]: Shard rebalancing completed
[2025-08-31 23:57:47.948] INFO [ShardManager]: Starting shard rebalancing...
[2025-08-31 23:57:47.949] INFO [ShardManager]: Migrating data from shard-0 to shard-2
[2025-08-31 23:57:47.949] INFO [ShardManager]: Shard rebalancing completed
[2025-09-01 00:02:47.947] INFO [ShardManager]: Starting shard rebalancing...
[2025-09-01 00:02:47.948] INFO [ShardManager]: Migrating data from shard-1 to shard-0
[2025-09-01 00:02:47.948] INFO [ShardManager]: Migrating data from shard-3 to shard-0
[2025-09-01 00:02:47.948] INFO [ShardManager]: Shard rebalancing completed
[2025-09-01 00:07:47.950] INFO [ShardManager]: Starting shard rebalancing...
[2025-09-01 00:07:47.952] INFO [ShardManager]: Migrating data from shard-1 to shard-0
[2025-09-01 00:07:47.952] INFO [ShardManager]: Shard rebalancing completed
[2025-09-01 00:12:47.926] INFO [ShardManager]: Starting shard rebalancing...
[2025-09-01 00:12:47.927] INFO [ShardManager]: Migrating data from shard-3 to shard-1
[2025-09-01 00:12:47.927] INFO [ShardManager]: Shard rebalancing completed
[2025-09-01 00:17:47.924] INFO [ShardManager]: Starting shard rebalancing...
[2025-09-01 00:17:47.925] INFO [ShardManager]: No rebalancing needed
[2025-09-01 00:22:47.925] INFO [ShardManager]: Starting shard rebalancing...
[2025-09-01 00:22:47.926] INFO [ShardManager]: No rebalancing needed
[2025-09-01 00:27:47.946] INFO [ShardManager]: Starting shard rebalancing...
[2025-09-01 00:27:47.947] INFO [ShardManager]: Migrating data from shard-0 to shard-2
[2025-09-01 00:27:47.947] INFO [ShardManager]: Migrating data from shard-3 to shard-2
[2025-09-01 00:27:47.947] INFO [ShardManager]: Shard rebalancing completed
[2025-09-01 00:32:47.947] INFO [ShardManager]: Starting shard rebalancing...
[2025-09-01 00:32:47.949] INFO [ShardManager]: Migrating data from shard-3 to shard-2
[2025-09-01 00:32:47.950] INFO [ShardManager]: Shard rebalancing completed
[2025-09-01 00:37:47.948] INFO [ShardManager]: Starting shard rebalancing...
[2025-09-01 00:37:47.949] INFO [ShardManager]: No rebalancing needed
[2025-09-01 00:42:47.991] INFO [ShardManager]: Starting shard rebalancing...
[2025-09-01 00:42:48.006] INFO [ShardManager]: No rebalancing needed
[2025-09-01 01:01:02.960] INFO [ShardManager]: Starting shard rebalancing...
[2025-09-01 01:01:02.962] INFO [ShardManager]: Migrating data from shard-2 to shard-1
[2025-09-01 01:01:02.963] INFO [ShardManager]: Migrating data from shard-3 to shard-1
[2025-09-01 01:01:02.963] INFO [ShardManager]: Shard rebalancing completed
[2025-09-01 01:06:02.963] INFO [ShardManager]: Starting shard rebalancing...
[2025-09-01 01:06:02.965] INFO [ShardManager]: Migrating data from shard-2 to shard-3
[2025-09-01 01:06:02.965] INFO [ShardManager]: Shard rebalancing completed
[2025-09-01 01:11:02.965] INFO [ShardManager]: Starting shard rebalancing...
[2025-09-01 01:11:02.966] INFO [ShardManager]: Migrating data from shard-1 to shard-3
[2025-09-01 01:11:02.967] INFO [ShardManager]: Shard rebalancing completed
[2025-09-01 01:16:02.993] INFO [ShardManager]: Starting shard rebalancing...
[2025-09-01 01:16:02.995] INFO [ShardManager]: No rebalancing needed
[2025-09-01 01:21:02.998] INFO [ShardManager]: Starting shard rebalancing...
[2025-09-01 01:21:02.999] INFO [ShardManager]: No rebalancing needed
[2025-09-01 01:38:27.012] INFO [ShardManager]: Starting shard rebalancing...
[2025-09-01 01:38:27.012] INFO [ShardManager]: No rebalancing needed
[2025-09-01 01:43:27.013] INFO [ShardManager]: Starting shard rebalancing...
[2025-09-01 01:43:27.013] INFO [ShardManager]: No rebalancing needed
[2025-09-01 01:48:27.016] INFO [ShardManager]: Starting shard rebalancing...
[2025-09-01 01:48:27.017] INFO [ShardManager]: Migrating data from shard-0 to shard-1
[2025-09-01 01:48:27.017] INFO [ShardManager]: Shard rebalancing completed
[2025-09-01 01:53:27.014] INFO [ShardManager]: Starting shard rebalancing...
[2025-09-01 01:53:27.015] INFO [ShardManager]: Migrating data from shard-0 to shard-1
[2025-09-01 01:53:27.015] INFO [ShardManager]: Shard rebalancing completed
[2025-09-01 01:58:27.017] INFO [ShardManager]: Starting shard rebalancing...
[2025-09-01 01:58:27.018] INFO [ShardManager]: Migrating data from shard-3 to shard-1
[2025-09-01 01:58:27.018] INFO [ShardManager]: Shard rebalancing completed
[2025-09-01 02:03:27.022] INFO [ShardManager]: Starting shard rebalancing...
[2025-09-01 02:03:27.022] INFO [ShardManager]: No rebalancing needed
[2025-09-01 02:08:27.022] INFO [ShardManager]: Starting shard rebalancing...
[2025-09-01 02:08:27.022] INFO [ShardManager]: No rebalancing needed
[2025-09-01 02:13:27.026] INFO [ShardManager]: Starting shard rebalancing...
[2025-09-01 02:13:27.027] INFO [ShardManager]: No rebalancing needed
[2025-09-01 02:18:27.030] INFO [ShardManager]: Starting shard rebalancing...
[2025-09-01 02:18:27.031] INFO [ShardManager]: Migrating data from shard-1 to shard-2
[2025-09-01 02:18:27.032] INFO [ShardManager]: Shard rebalancing completed
[2025-09-01 02:23:27.042] INFO [ShardManager]: Starting shard rebalancing...
[2025-09-01 02:23:27.043] INFO [ShardManager]: No rebalancing needed
[2025-09-01 02:28:27.046] INFO [ShardManager]: Starting shard rebalancing...
[2025-09-01 02:28:27.047] INFO [ShardManager]: Migrating data from shard-1 to shard-0
[2025-09-01 02:28:27.047] INFO [ShardManager]: Shard rebalancing completed
[2025-09-01 02:33:27.050] INFO [ShardManager]: Starting shard rebalancing...
[2025-09-01 02:33:27.051] INFO [ShardManager]: Migrating data from shard-1 to shard-3
[2025-09-01 02:33:27.051] INFO [ShardManager]: Shard rebalancing completed
[2025-09-01 02:38:27.037] INFO [ShardManager]: Starting shard rebalancing...
[2025-09-01 02:38:27.038] INFO [ShardManager]: Migrating data from shard-1 to shard-0
[2025-09-01 02:38:27.038] INFO [ShardManager]: Shard rebalancing completed
[2025-09-01 02:43:27.041] INFO [ShardManager]: Starting shard rebalancing...
[2025-09-01 02:43:27.042] INFO [ShardManager]: Migrating data from shard-1 to shard-0
[2025-09-01 02:43:27.042] INFO [ShardManager]: Shard rebalancing completed
[2025-09-01 02:48:27.044] INFO [ShardManager]: Starting shard rebalancing...
[2025-09-01 02:48:27.044] INFO [ShardManager]: Migrating data from shard-3 to shard-2
[2025-09-01 02:48:27.045] INFO [ShardManager]: Shard rebalancing completed
[2025-09-01 02:53:27.030] INFO [ShardManager]: Starting shard rebalancing...
[2025-09-01 02:53:27.031] INFO [ShardManager]: No rebalancing needed
[2025-09-01 02:58:27.032] INFO [ShardManager]: Starting shard rebalancing...
[2025-09-01 02:58:27.033] INFO [ShardManager]: Migrating data from shard-3 to shard-0
[2025-09-01 02:58:27.034] INFO [ShardManager]: Shard rebalancing completed
[2025-09-01 03:03:27.033] INFO [ShardManager]: Starting shard rebalancing...
[2025-09-01 03:03:27.033] INFO [ShardManager]: Migrating data from shard-3 to shard-1
[2025-09-01 03:03:27.034] INFO [ShardManager]: Shard rebalancing completed
[2025-09-01 03:08:27.071] INFO [ShardManager]: Starting shard rebalancing...
[2025-09-01 03:08:27.072] INFO [ShardManager]: Migrating data from shard-3 to shard-0
[2025-09-01 03:08:27.072] INFO [ShardManager]: Shard rebalancing completed
[2025-09-01 03:13:27.075] INFO [ShardManager]: Starting shard rebalancing...
[2025-09-01 03:13:27.076] INFO [ShardManager]: No rebalancing needed
[2025-09-01 03:18:27.081] INFO [ShardManager]: Starting shard rebalancing...
[2025-09-01 03:18:27.081] INFO [ShardManager]: No rebalancing needed
[2025-09-01 03:23:27.088] INFO [ShardManager]: Starting shard rebalancing...
[2025-09-01 03:23:27.093] INFO [ShardManager]: No rebalancing needed
[2025-09-01 03:28:27.094] INFO [ShardManager]: Starting shard rebalancing...
[2025-09-01 03:28:27.094] INFO [ShardManager]: Migrating data from shard-1 to shard-2
[2025-09-01 03:28:27.095] INFO [ShardManager]: Shard rebalancing completed
[2025-09-01 03:33:27.097] INFO [ShardManager]: Starting shard rebalancing...
[2025-09-01 03:33:27.097] INFO [ShardManager]: Migrating data from shard-1 to shard-3
[2025-09-01 03:33:27.098] INFO [ShardManager]: Shard rebalancing completed
[2025-09-01 03:38:27.111] INFO [ShardManager]: Starting shard rebalancing...
[2025-09-01 03:38:27.112] INFO [ShardManager]: Migrating data from shard-2 to shard-1
[2025-09-01 03:38:27.112] INFO [ShardManager]: Shard rebalancing completed
[2025-09-01 03:43:27.114] INFO [ShardManager]: Starting shard rebalancing...
[2025-09-01 03:43:27.115] INFO [ShardManager]: Migrating data from shard-2 to shard-0
[2025-09-01 03:43:27.115] INFO [ShardManager]: Migrating data from shard-3 to shard-0
[2025-09-01 03:43:27.115] INFO [ShardManager]: Shard rebalancing completed
[2025-09-01 03:48:27.120] INFO [ShardManager]: Starting shard rebalancing...
[2025-09-01 03:48:27.121] INFO [ShardManager]: Migrating data from shard-0 to shard-3
[2025-09-01 03:48:27.122] INFO [ShardManager]: Shard rebalancing completed
[2025-09-01 03:53:27.117] INFO [ShardManager]: Starting shard rebalancing...
[2025-09-01 03:53:27.117] INFO [ShardManager]: Migrating data from shard-0 to shard-2
[2025-09-01 03:53:27.118] INFO [ShardManager]: Shard rebalancing completed
[2025-09-01 03:58:27.122] INFO [ShardManager]: Starting shard rebalancing...
[2025-09-01 03:58:27.122] INFO [ShardManager]: No rebalancing needed
[2025-09-01 04:03:27.127] INFO [ShardManager]: Starting shard rebalancing...
[2025-09-01 04:03:27.127] INFO [ShardManager]: No rebalancing needed
[2025-09-01 04:08:27.119] INFO [ShardManager]: Starting shard rebalancing...
[2025-09-01 04:08:27.119] INFO [ShardManager]: No rebalancing needed
[2025-09-01 04:13:27.122] INFO [ShardManager]: Starting shard rebalancing...
[2025-09-01 04:13:27.123] INFO [ShardManager]: Migrating data from shard-3 to shard-0
[2025-09-01 04:13:27.123] INFO [ShardManager]: Shard rebalancing completed
[2025-09-01 04:18:27.125] INFO [ShardManager]: Starting shard rebalancing...
[2025-09-01 04:18:27.126] INFO [ShardManager]: No rebalancing needed
[2025-09-01 04:23:27.088] INFO [ShardManager]: Starting shard rebalancing...
[2025-09-01 04:23:27.088] INFO [ShardManager]: No rebalancing needed
[2025-09-01 04:28:27.089] INFO [ShardManager]: Starting shard rebalancing...
[2025-09-01 04:28:27.090] INFO [ShardManager]: Migrating data from shard-2 to shard-0
[2025-09-01 04:28:27.090] INFO [ShardManager]: Shard rebalancing completed
[2025-09-01 04:33:27.090] INFO [ShardManager]: Starting shard rebalancing...
[2025-09-01 04:33:27.090] INFO [ShardManager]: No rebalancing needed
[2025-09-01 04:38:27.109] INFO [ShardManager]: Starting shard rebalancing...
[2025-09-01 04:38:27.110] INFO [ShardManager]: No rebalancing needed
[2025-09-01 04:43:27.112] INFO [ShardManager]: Starting shard rebalancing...
[2025-09-01 04:43:27.113] INFO [ShardManager]: No rebalancing needed
[2025-09-01 04:48:27.115] INFO [ShardManager]: Starting shard rebalancing...
[2025-09-01 04:48:27.115] INFO [ShardManager]: Migrating data from shard-1 to shard-0
[2025-09-01 04:48:27.116] INFO [ShardManager]: Shard rebalancing completed
[2025-09-01 05:06:25.066] INFO [ShardManager]: Starting shard rebalancing...
[2025-09-01 05:06:25.066] INFO [ShardManager]: Migrating data from shard-3 to shard-2
[2025-09-01 05:06:25.067] INFO [ShardManager]: Shard rebalancing completed
[2025-09-01 05:11:25.053] INFO [ShardManager]: Starting shard rebalancing...
[2025-09-01 05:11:25.053] INFO [ShardManager]: Migrating data from shard-0 to shard-2
[2025-09-01 05:11:25.054] INFO [ShardManager]: Shard rebalancing completed
[2025-09-01 05:16:25.048] INFO [ShardManager]: Starting shard rebalancing...
[2025-09-01 05:16:25.049] INFO [ShardManager]: Migrating data from shard-1 to shard-2
[2025-09-01 05:16:25.050] INFO [ShardManager]: Shard rebalancing completed
[2025-09-01 05:21:25.049] INFO [ShardManager]: Starting shard rebalancing...
[2025-09-01 05:21:25.049] INFO [ShardManager]: No rebalancing needed
[2025-09-01 05:26:25.049] INFO [ShardManager]: Starting shard rebalancing...
[2025-09-01 05:26:25.055] INFO [ShardManager]: Migrating data from shard-0 to shard-2
[2025-09-01 05:26:25.055] INFO [ShardManager]: Migrating data from shard-1 to shard-2
[2025-09-01 05:26:25.055] INFO [ShardManager]: Shard rebalancing completed
[2025-09-01 05:31:24.984] INFO [ShardManager]: Starting shard rebalancing...
[2025-09-01 05:31:24.985] INFO [ShardManager]: Migrating data from shard-1 to shard-2
[2025-09-01 05:31:24.985] INFO [ShardManager]: Shard rebalancing completed
[2025-09-01 05:41:05.418] INFO [ShardManager]: Starting shard rebalancing...
[2025-09-01 05:41:05.419] INFO [ShardManager]: No rebalancing needed
[2025-09-01 05:46:05.435] INFO [ShardManager]: Starting shard rebalancing...
[2025-09-01 05:46:05.436] INFO [ShardManager]: Migrating data from shard-3 to shard-2
[2025-09-01 05:46:05.436] INFO [ShardManager]: Shard rebalancing completed
[2025-09-01 05:51:05.460] INFO [ShardManager]: Starting shard rebalancing...
[2025-09-01 05:51:05.461] INFO [ShardManager]: No rebalancing needed
[2025-09-01 05:56:05.457] INFO [ShardManager]: Starting shard rebalancing...
[2025-09-01 05:56:05.459] INFO [ShardManager]: Migrating data from shard-0 to shard-1
[2025-09-01 05:56:05.459] INFO [ShardManager]: Shard rebalancing completed
[2025-09-01 06:01:05.491] INFO [ShardManager]: Starting shard rebalancing...
[2025-09-01 06:01:05.493] INFO [ShardManager]: No rebalancing needed
[2025-09-01 06:06:05.502] INFO [ShardManager]: Starting shard rebalancing...
[2025-09-01 06:06:05.503] INFO [ShardManager]: Migrating data from shard-2 to shard-3
[2025-09-01 06:06:05.504] INFO [ShardManager]: Shard rebalancing completed
[2025-09-01 06:11:05.501] INFO [ShardManager]: Starting shard rebalancing...
[2025-09-01 06:11:05.502] INFO [ShardManager]: Migrating data from shard-3 to shard-2
[2025-09-01 06:11:05.502] INFO [ShardManager]: Shard rebalancing completed
[2025-09-01 06:16:05.502] INFO [ShardManager]: Starting shard rebalancing...
[2025-09-01 06:16:05.503] INFO [ShardManager]: No rebalancing needed
[2025-09-01 06:21:05.538] INFO [ShardManager]: Starting shard rebalancing...
[2025-09-01 06:21:05.539] INFO [ShardManager]: Migrating data from shard-1 to shard-3
[2025-09-01 06:21:05.539] INFO [ShardManager]: Shard rebalancing completed
[2025-09-01 06:26:05.541] INFO [ShardManager]: Starting shard rebalancing...
[2025-09-01 06:26:05.542] INFO [ShardManager]: Migrating data from shard-2 to shard-1
[2025-09-01 06:26:05.542] INFO [ShardManager]: Shard rebalancing completed
[2025-09-01 06:31:05.601] INFO [ShardManager]: Starting shard rebalancing...
[2025-09-01 06:31:05.637] INFO [ShardManager]: No rebalancing needed
[2025-09-01 06:36:05.591] INFO [ShardManager]: Starting shard rebalancing...
[2025-09-01 06:36:05.592] INFO [ShardManager]: No rebalancing needed
[2025-09-01 06:41:05.596] INFO [ShardManager]: Starting shard rebalancing...
[2025-09-01 06:41:05.597] INFO [ShardManager]: Migrating data from shard-3 to shard-0
[2025-09-01 06:41:05.597] INFO [ShardManager]: Shard rebalancing completed
[2025-09-01 06:46:05.601] INFO [ShardManager]: Starting shard rebalancing...
[2025-09-01 06:46:05.605] INFO [ShardManager]: Migrating data from shard-3 to shard-2
[2025-09-01 06:46:05.605] INFO [ShardManager]: Shard rebalancing completed
[2025-09-01 06:51:05.620] INFO [ShardManager]: Starting shard rebalancing...
[2025-09-01 06:51:05.622] INFO [ShardManager]: Migrating data from shard-3 to shard-1
[2025-09-01 06:51:05.622] INFO [ShardManager]: Shard rebalancing completed
[2025-09-01 06:56:05.629] INFO [ShardManager]: Starting shard rebalancing...
[2025-09-01 06:56:05.631] INFO [ShardManager]: Migrating data from shard-3 to shard-1
[2025-09-01 06:56:05.631] INFO [ShardManager]: Shard rebalancing completed
[2025-09-01 07:01:05.638] INFO [ShardManager]: Starting shard rebalancing...
[2025-09-01 07:01:05.643] INFO [ShardManager]: Migrating data from shard-0 to shard-1
[2025-09-01 07:01:05.645] INFO [ShardManager]: Shard rebalancing completed
[2025-09-01 07:06:05.621] INFO [ShardManager]: Starting shard rebalancing...
[2025-09-01 07:06:05.622] INFO [ShardManager]: Migrating data from shard-1 to shard-3
[2025-09-01 07:06:05.622] INFO [ShardManager]: Shard rebalancing completed
[2025-09-01 07:11:05.620] INFO [ShardManager]: Starting shard rebalancing...
[2025-09-01 07:11:05.621] INFO [ShardManager]: Migrating data from shard-3 to shard-1
[2025-09-01 07:11:05.621] INFO [ShardManager]: Shard rebalancing completed
[2025-09-01 07:16:05.624] INFO [ShardManager]: Starting shard rebalancing...
[2025-09-01 07:16:05.625] INFO [ShardManager]: Migrating data from shard-1 to shard-0
[2025-09-01 07:16:05.625] INFO [ShardManager]: Migrating data from shard-3 to shard-0
[2025-09-01 07:16:05.625] INFO [ShardManager]: Shard rebalancing completed
[2025-09-01 07:21:05.620] INFO [ShardManager]: Starting shard rebalancing...
[2025-09-01 07:21:05.621] INFO [ShardManager]: Migrating data from shard-2 to shard-3
[2025-09-01 07:21:05.621] INFO [ShardManager]: Shard rebalancing completed
[2025-09-01 07:26:05.626] INFO [ShardManager]: Starting shard rebalancing...
[2025-09-01 07:26:05.698] INFO [ShardManager]: Migrating data from shard-0 to shard-1
[2025-09-01 07:26:05.701] INFO [ShardManager]: Shard rebalancing completed
[2025-09-01 07:31:05.620] INFO [ShardManager]: Starting shard rebalancing...
[2025-09-01 07:31:05.623] INFO [ShardManager]: Migrating data from shard-0 to shard-3
[2025-09-01 07:31:05.624] INFO [ShardManager]: Migrating data from shard-2 to shard-3
[2025-09-01 07:31:05.625] INFO [ShardManager]: Shard rebalancing completed
[2025-09-01 07:36:05.623] INFO [ShardManager]: Starting shard rebalancing...
[2025-09-01 07:36:05.624] INFO [ShardManager]: Migrating data from shard-3 to shard-0
[2025-09-01 07:36:05.624] INFO [ShardManager]: Shard rebalancing completed
[2025-09-01 07:41:05.628] INFO [ShardManager]: Starting shard rebalancing...
[2025-09-01 07:41:05.628] INFO [ShardManager]: Migrating data from shard-1 to shard-3
[2025-09-01 07:41:05.628] INFO [ShardManager]: Migrating data from shard-2 to shard-3
[2025-09-01 07:41:05.628] INFO [ShardManager]: Shard rebalancing completed
[2025-09-01 07:46:05.631] INFO [ShardManager]: Starting shard rebalancing...
[2025-09-01 07:46:05.632] INFO [ShardManager]: Migrating data from shard-1 to shard-3
[2025-09-01 07:46:05.633] INFO [ShardManager]: Shard rebalancing completed
[2025-09-01 07:51:05.633] INFO [ShardManager]: Starting shard rebalancing...
[2025-09-01 07:51:05.634] INFO [ShardManager]: Migrating data from shard-0 to shard-3
[2025-09-01 07:51:05.634] INFO [ShardManager]: Shard rebalancing completed
[2025-09-01 07:56:05.636] INFO [ShardManager]: Starting shard rebalancing...
[2025-09-01 07:56:05.637] INFO [ShardManager]: Migrating data from shard-3 to shard-2
[2025-09-01 07:56:05.637] INFO [ShardManager]: Shard rebalancing completed
[2025-09-01 08:01:05.640] INFO [ShardManager]: Starting shard rebalancing...
[2025-09-01 08:01:05.641] INFO [ShardManager]: Migrating data from shard-1 to shard-2
[2025-09-01 08:01:05.642] INFO [ShardManager]: Shard rebalancing completed
[2025-09-01 08:06:05.645] INFO [ShardManager]: Starting shard rebalancing...
[2025-09-01 08:06:05.646] INFO [ShardManager]: Migrating data from shard-2 to shard-3
[2025-09-01 08:06:05.647] INFO [ShardManager]: Shard rebalancing completed
[2025-09-01 08:11:05.659] INFO [ShardManager]: Starting shard rebalancing...
[2025-09-01 08:11:05.659] INFO [ShardManager]: No rebalancing needed
[2025-09-01 08:16:05.664] INFO [ShardManager]: Starting shard rebalancing...
[2025-09-01 08:16:05.665] INFO [ShardManager]: Migrating data from shard-3 to shard-1
[2025-09-01 08:16:05.665] INFO [ShardManager]: Shard rebalancing completed
[2025-09-01 08:21:05.670] INFO [ShardManager]: Starting shard rebalancing...
[2025-09-01 08:21:05.670] INFO [ShardManager]: No rebalancing needed
[2025-09-01 08:26:05.681] INFO [ShardManager]: Starting shard rebalancing...
[2025-09-01 08:26:05.682] INFO [ShardManager]: No rebalancing needed
[2025-09-01 08:31:05.685] INFO [ShardManager]: Starting shard rebalancing...
[2025-09-01 08:31:05.686] INFO [ShardManager]: Migrating data from shard-1 to shard-0
[2025-09-01 08:31:05.686] INFO [ShardManager]: Migrating data from shard-2 to shard-0
[2025-09-01 08:31:05.686] INFO [ShardManager]: Shard rebalancing completed
[2025-09-01 08:36:05.690] INFO [ShardManager]: Starting shard rebalancing...
[2025-09-01 08:36:05.690] INFO [ShardManager]: No rebalancing needed
[2025-09-01 08:41:05.699] INFO [ShardManager]: Starting shard rebalancing...
[2025-09-01 08:41:05.700] INFO [ShardManager]: Migrating data from shard-3 to shard-2
[2025-09-01 08:41:05.700] INFO [ShardManager]: Shard rebalancing completed
[2025-09-01 08:46:05.703] INFO [ShardManager]: Starting shard rebalancing...
[2025-09-01 08:46:05.704] INFO [ShardManager]: Migrating data from shard-1 to shard-3
[2025-09-01 08:46:05.705] INFO [ShardManager]: Shard rebalancing completed
[2025-09-01 08:51:05.709] INFO [ShardManager]: Starting shard rebalancing...
[2025-09-01 08:51:05.709] INFO [ShardManager]: No rebalancing needed
[2025-09-01 08:56:05.686] INFO [ShardManager]: Starting shard rebalancing...
[2025-09-01 08:56:05.696] INFO [ShardManager]: Migrating data from shard-3 to shard-0
[2025-09-01 08:56:05.699] INFO [ShardManager]: Shard rebalancing completed
[2025-09-01 09:01:05.693] INFO [ShardManager]: Starting shard rebalancing...
[2025-09-01 09:01:05.695] INFO [ShardManager]: Migrating data from shard-1 to shard-0
[2025-09-01 09:01:05.696] INFO [ShardManager]: Migrating data from shard-2 to shard-0
[2025-09-01 09:01:05.696] INFO [ShardManager]: Shard rebalancing completed
[2025-09-01 09:06:05.696] INFO [ShardManager]: Starting shard rebalancing...
[2025-09-01 09:06:05.698] INFO [ShardManager]: Migrating data from shard-2 to shard-1
[2025-09-01 09:06:05.698] INFO [ShardManager]: Migrating data from shard-3 to shard-1
[2025-09-01 09:06:05.698] INFO [ShardManager]: Shard rebalancing completed
[2025-09-01 09:11:05.779] INFO [ShardManager]: Starting shard rebalancing...
[2025-09-01 09:11:05.847] INFO [ShardManager]: No rebalancing needed
[2025-09-01 09:16:05.713] INFO [ShardManager]: Starting shard rebalancing...
[2025-09-01 09:16:05.715] INFO [ShardManager]: Migrating data from shard-0 to shard-2
[2025-09-01 09:16:05.716] INFO [ShardManager]: Migrating data from shard-1 to shard-2
[2025-09-01 09:16:05.716] INFO [ShardManager]: Shard rebalancing completed
[2025-09-01 09:21:05.758] INFO [ShardManager]: Starting shard rebalancing...
[2025-09-01 09:21:05.839] INFO [ShardManager]: Migrating data from shard-1 to shard-0
[2025-09-01 09:21:05.846] INFO [ShardManager]: Shard rebalancing completed
[2025-09-01 09:26:05.639] INFO [ShardManager]: Starting shard rebalancing...
[2025-09-01 09:26:05.641] INFO [ShardManager]: Migrating data from shard-3 to shard-2
[2025-09-01 09:26:05.646] INFO [ShardManager]: Shard rebalancing completed
[2025-09-01 09:31:05.633] INFO [ShardManager]: Starting shard rebalancing...
[2025-09-01 09:31:05.634] INFO [ShardManager]: Migrating data from shard-3 to shard-2
[2025-09-01 09:31:05.635] INFO [ShardManager]: Shard rebalancing completed
[2025-09-01 09:36:05.632] INFO [ShardManager]: Starting shard rebalancing...
[2025-09-01 09:36:05.632] INFO [ShardManager]: Migrating data from shard-2 to shard-0
[2025-09-01 09:36:05.633] INFO [ShardManager]: Migrating data from shard-3 to shard-0
[2025-09-01 09:36:05.633] INFO [ShardManager]: Shard rebalancing completed
[2025-09-01 09:41:05.616] INFO [ShardManager]: Starting shard rebalancing...
[2025-09-01 09:41:05.617] INFO [ShardManager]: Migrating data from shard-3 to shard-0
[2025-09-01 09:41:05.618] INFO [ShardManager]: Shard rebalancing completed
[2025-09-01 09:46:05.611] INFO [ShardManager]: Starting shard rebalancing...
[2025-09-01 09:46:05.613] INFO [ShardManager]: Migrating data from shard-1 to shard-0
[2025-09-01 09:46:05.613] INFO [ShardManager]: Shard rebalancing completed
[2025-09-01 09:51:05.606] INFO [ShardManager]: Starting shard rebalancing...
[2025-09-01 09:51:05.608] INFO [ShardManager]: Migrating data from shard-2 to shard-0
[2025-09-01 09:51:05.609] INFO [ShardManager]: Shard rebalancing completed
[2025-09-01 09:58:43.254] INFO [ShardManager]: Starting shard rebalancing...
[2025-09-01 09:58:43.264] INFO [ShardManager]: Migrating data from shard-1 to shard-3
[2025-09-01 09:58:43.264] INFO [ShardManager]: Shard rebalancing completed
[2025-09-01 10:15:52.010] INFO [ShardManager]: Starting shard rebalancing...
[2025-09-01 10:15:52.121] INFO [ShardManager]: Migrating data from shard-0 to shard-3
[2025-09-01 10:15:52.121] INFO [ShardManager]: Shard rebalancing completed
[2025-09-01 10:32:29.009] INFO [ShardManager]: Starting shard rebalancing...
[2025-09-01 10:32:29.011] INFO [ShardManager]: Migrating data from shard-0 to shard-1
[2025-09-01 10:32:29.011] INFO [ShardManager]: Shard rebalancing completed
[2025-09-01 10:37:33.303] INFO [ShardManager]: Starting shard rebalancing...
[2025-09-01 10:37:33.303] INFO [ShardManager]: Migrating data from shard-0 to shard-1
[2025-09-01 10:37:33.305] INFO [ShardManager]: Migrating data from shard-2 to shard-1
[2025-09-01 10:37:33.305] INFO [ShardManager]: Shard rebalancing completed
[2025-09-01 10:42:33.421] INFO [ShardManager]: Starting shard rebalancing...
[2025-09-01 10:42:33.422] INFO [ShardManager]: No rebalancing needed
[2025-09-01 10:47:33.425] INFO [ShardManager]: Starting shard rebalancing...
[2025-09-01 10:47:33.425] INFO [ShardManager]: Migrating data from shard-2 to shard-1
[2025-09-01 10:47:33.425] INFO [ShardManager]: Shard rebalancing completed
[2025-09-01 10:52:33.433] INFO [ShardManager]: Starting shard rebalancing...
[2025-09-01 10:52:33.434] INFO [ShardManager]: Migrating data from shard-2 to shard-1
[2025-09-01 10:52:33.434] INFO [ShardManager]: Shard rebalancing completed
[2025-09-01 10:57:33.471] INFO [ShardManager]: Starting shard rebalancing...
[2025-09-01 10:57:33.472] INFO [ShardManager]: Migrating data from shard-2 to shard-1
[2025-09-01 10:57:33.472] INFO [ShardManager]: Shard rebalancing completed
[2025-09-01 11:02:33.477] INFO [ShardManager]: Starting shard rebalancing...
[2025-09-01 11:02:33.479] INFO [ShardManager]: Migrating data from shard-0 to shard-2
[2025-09-01 11:02:33.479] INFO [ShardManager]: Shard rebalancing completed
[2025-09-01 11:07:33.483] INFO [ShardManager]: Starting shard rebalancing...
[2025-09-01 11:07:33.484] INFO [ShardManager]: Migrating data from shard-0 to shard-2
[2025-09-01 11:07:33.484] INFO [ShardManager]: Shard rebalancing completed
[2025-09-01 11:12:33.477] INFO [ShardManager]: Starting shard rebalancing...
[2025-09-01 11:12:33.478] INFO [ShardManager]: Migrating data from shard-2 to shard-0
[2025-09-01 11:12:33.478] INFO [ShardManager]: Shard rebalancing completed
[2025-09-01 11:17:33.489] INFO [ShardManager]: Starting shard rebalancing...
[2025-09-01 11:17:33.493] INFO [ShardManager]: Migrating data from shard-0 to shard-2
[2025-09-01 11:17:33.493] INFO [ShardManager]: Shard rebalancing completed
[2025-09-01 11:22:33.486] INFO [ShardManager]: Starting shard rebalancing...
[2025-09-01 11:22:33.488] INFO [ShardManager]: Migrating data from shard-0 to shard-1
[2025-09-01 11:22:33.488] INFO [ShardManager]: Shard rebalancing completed
[2025-09-01 11:27:33.494] INFO [ShardManager]: Starting shard rebalancing...
[2025-09-01 11:27:33.495] INFO [ShardManager]: Migrating data from shard-3 to shard-1
[2025-09-01 11:27:33.495] INFO [ShardManager]: Shard rebalancing completed
[2025-09-01 11:32:33.500] INFO [ShardManager]: Starting shard rebalancing...
[2025-09-01 11:32:33.502] INFO [ShardManager]: Migrating data from shard-1 to shard-3
[2025-09-01 11:32:33.503] INFO [ShardManager]: Shard rebalancing completed
[2025-09-01 11:37:33.505] INFO [ShardManager]: Starting shard rebalancing...
[2025-09-01 11:37:33.507] INFO [ShardManager]: Migrating data from shard-1 to shard-0
[2025-09-01 11:37:33.507] INFO [ShardManager]: Shard rebalancing completed
[2025-09-01 11:42:33.510] INFO [ShardManager]: Starting shard rebalancing...
[2025-09-01 11:42:33.511] INFO [ShardManager]: Migrating data from shard-0 to shard-1
[2025-09-01 11:42:33.511] INFO [ShardManager]: Shard rebalancing completed
[2025-09-01 11:47:33.522] INFO [ShardManager]: Starting shard rebalancing...
[2025-09-01 11:47:33.524] INFO [ShardManager]: Migrating data from shard-2 to shard-3
[2025-09-01 11:47:33.524] INFO [ShardManager]: Shard rebalancing completed
[2025-09-01 11:52:33.527] INFO [ShardManager]: Starting shard rebalancing...
[2025-09-01 11:52:33.528] INFO [ShardManager]: Migrating data from shard-0 to shard-2
[2025-09-01 11:52:33.528] INFO [ShardManager]: Shard rebalancing completed
[2025-09-01 11:57:33.534] INFO [ShardManager]: Starting shard rebalancing...
[2025-09-01 11:57:33.536] INFO [ShardManager]: No rebalancing needed
[2025-09-01 12:02:33.602] INFO [ShardManager]: Starting shard rebalancing...
[2025-09-01 12:02:33.672] INFO [ShardManager]: No rebalancing needed
[2025-09-01 12:07:33.544] INFO [ShardManager]: Starting shard rebalancing...
[2025-09-01 12:07:33.545] INFO [ShardManager]: No rebalancing needed
[2025-09-01 12:12:33.549] INFO [ShardManager]: Starting shard rebalancing...
[2025-09-01 12:12:33.550] INFO [ShardManager]: Migrating data from shard-0 to shard-2
[2025-09-01 12:12:33.551] INFO [ShardManager]: Migrating data from shard-3 to shard-2
[2025-09-01 12:12:33.551] INFO [ShardManager]: Shard rebalancing completed
[2025-09-01 12:17:33.503] INFO [ShardManager]: Starting shard rebalancing...
[2025-09-01 12:17:33.506] INFO [ShardManager]: Migrating data from shard-2 to shard-1
[2025-09-01 12:17:33.507] INFO [ShardManager]: Shard rebalancing completed
[2025-09-01 12:22:33.505] INFO [ShardManager]: Starting shard rebalancing...
[2025-09-01 12:22:33.508] INFO [ShardManager]: Migrating data from shard-2 to shard-0
[2025-09-01 12:22:33.508] INFO [ShardManager]: Shard rebalancing completed
[2025-09-01 12:27:33.507] INFO [ShardManager]: Starting shard rebalancing...
[2025-09-01 12:27:33.515] INFO [ShardManager]: Migrating data from shard-3 to shard-1
[2025-09-01 12:27:33.516] INFO [ShardManager]: Shard rebalancing completed
[2025-09-01 12:32:33.526] INFO [ShardManager]: Starting shard rebalancing...
[2025-09-01 12:32:33.529] INFO [ShardManager]: Migrating data from shard-1 to shard-2
[2025-09-01 12:32:33.529] INFO [ShardManager]: Shard rebalancing completed
[2025-09-01 12:37:33.533] INFO [ShardManager]: Starting shard rebalancing...
[2025-09-01 12:37:33.544] INFO [ShardManager]: Migrating data from shard-2 to shard-1
[2025-09-01 12:37:33.545] INFO [ShardManager]: Migrating data from shard-3 to shard-1
[2025-09-01 12:37:33.546] INFO [ShardManager]: Shard rebalancing completed
[2025-09-01 12:42:33.532] INFO [ShardManager]: Starting shard rebalancing...
[2025-09-01 12:42:33.532] INFO [ShardManager]: Migrating data from shard-0 to shard-3
[2025-09-01 12:42:33.532] INFO [ShardManager]: Migrating data from shard-1 to shard-3
[2025-09-01 12:42:33.533] INFO [ShardManager]: Shard rebalancing completed
[2025-09-01 12:47:33.542] INFO [ShardManager]: Starting shard rebalancing...
[2025-09-01 12:47:33.543] INFO [ShardManager]: Migrating data from shard-0 to shard-1
[2025-09-01 12:47:33.543] INFO [ShardManager]: Shard rebalancing completed
[2025-09-01 12:52:33.546] INFO [ShardManager]: Starting shard rebalancing...
[2025-09-01 12:52:33.547] INFO [ShardManager]: Migrating data from shard-0 to shard-3
[2025-09-01 12:52:33.548] INFO [ShardManager]: Shard rebalancing completed
[2025-09-01 12:57:33.551] INFO [ShardManager]: Starting shard rebalancing...
[2025-09-01 12:57:33.554] INFO [ShardManager]: Migrating data from shard-0 to shard-2
[2025-09-01 12:57:33.554] INFO [ShardManager]: Shard rebalancing completed
[2025-09-01 13:02:33.528] INFO [ShardManager]: Starting shard rebalancing...
[2025-09-01 13:02:33.530] INFO [ShardManager]: Migrating data from shard-3 to shard-0
[2025-09-01 13:02:33.531] INFO [ShardManager]: Shard rebalancing completed
[2025-09-01 13:07:33.530] INFO [ShardManager]: Starting shard rebalancing...
[2025-09-01 13:07:33.530] INFO [ShardManager]: Migrating data from shard-0 to shard-2
[2025-09-01 13:07:33.530] INFO [ShardManager]: Shard rebalancing completed
[2025-09-01 13:12:33.532] INFO [ShardManager]: Starting shard rebalancing...
[2025-09-01 13:12:33.533] INFO [ShardManager]: No rebalancing needed
[2025-09-01 13:17:33.556] INFO [ShardManager]: Starting shard rebalancing...
[2025-09-01 13:17:33.558] INFO [ShardManager]: No rebalancing needed
[2025-09-01 13:22:33.559] INFO [ShardManager]: Starting shard rebalancing...
[2025-09-01 13:22:33.560] INFO [ShardManager]: Migrating data from shard-0 to shard-2
[2025-09-01 13:22:33.560] INFO [ShardManager]: Shard rebalancing completed
[2025-09-01 13:27:33.562] INFO [ShardManager]: Starting shard rebalancing...
[2025-09-01 13:27:33.564] INFO [ShardManager]: Migrating data from shard-0 to shard-1
[2025-09-01 13:27:33.564] INFO [ShardManager]: Migrating data from shard-3 to shard-1
[2025-09-01 13:27:33.565] INFO [ShardManager]: Shard rebalancing completed
[2025-09-01 13:32:33.596] INFO [ShardManager]: Starting shard rebalancing...
[2025-09-01 13:32:33.623] INFO [ShardManager]: Migrating data from shard-2 to shard-1
[2025-09-01 13:32:33.624] INFO [ShardManager]: Shard rebalancing completed
[2025-09-01 13:37:33.613] INFO [ShardManager]: Starting shard rebalancing...
[2025-09-01 13:37:33.622] INFO [ShardManager]: No rebalancing needed
[2025-09-01 13:42:33.617] INFO [ShardManager]: Starting shard rebalancing...
[2025-09-01 13:42:33.619] INFO [ShardManager]: Migrating data from shard-0 to shard-1
[2025-09-01 13:42:33.619] INFO [ShardManager]: Migrating data from shard-3 to shard-1
[2025-09-01 13:42:33.620] INFO [ShardManager]: Shard rebalancing completed
[2025-09-01 13:47:33.632] INFO [ShardManager]: Starting shard rebalancing...
[2025-09-01 13:47:33.646] INFO [ShardManager]: Migrating data from shard-0 to shard-1
[2025-09-01 13:47:33.646] INFO [ShardManager]: Shard rebalancing completed
[2025-09-01 13:52:33.635] INFO [ShardManager]: Starting shard rebalancing...
[2025-09-01 13:52:33.636] INFO [ShardManager]: Migrating data from shard-0 to shard-2
[2025-09-01 13:52:33.636] INFO [ShardManager]: Shard rebalancing completed
[2025-09-01 13:57:33.651] INFO [ShardManager]: Starting shard rebalancing...
[2025-09-01 13:57:33.666] INFO [ShardManager]: Migrating data from shard-2 to shard-0
[2025-09-01 13:57:33.676] INFO [ShardManager]: Shard rebalancing completed
[2025-09-01 14:02:33.640] INFO [ShardManager]: Starting shard rebalancing...
[2025-09-01 14:02:33.747] INFO [ShardManager]: No rebalancing needed
[2025-09-01 14:07:33.644] INFO [ShardManager]: Starting shard rebalancing...
[2025-09-01 14:07:33.650] INFO [ShardManager]: Migrating data from shard-2 to shard-1
[2025-09-01 14:07:33.650] INFO [ShardManager]: Shard rebalancing completed
[2025-09-01 14:12:33.645] INFO [ShardManager]: Starting shard rebalancing...
[2025-09-01 14:12:33.680] INFO [ShardManager]: No rebalancing needed
[2025-09-01 14:17:33.656] INFO [ShardManager]: Starting shard rebalancing...
[2025-09-01 14:17:33.661] INFO [ShardManager]: Migrating data from shard-3 to shard-0
[2025-09-01 14:17:33.664] INFO [ShardManager]: Shard rebalancing completed
[2025-09-01 14:22:33.667] INFO [ShardManager]: Starting shard rebalancing...
[2025-09-01 14:22:33.741] INFO [ShardManager]: No rebalancing needed
[2025-09-01 14:27:33.662] INFO [ShardManager]: Starting shard rebalancing...
[2025-09-01 14:27:33.665] INFO [ShardManager]: Migrating data from shard-1 to shard-0
[2025-09-01 14:27:33.665] INFO [ShardManager]: Shard rebalancing completed
[2025-09-01 14:32:33.583] INFO [ShardManager]: Starting shard rebalancing...
[2025-09-01 14:32:33.583] INFO [ShardManager]: No rebalancing needed
[2025-09-01 14:37:33.581] INFO [ShardManager]: Starting shard rebalancing...
[2025-09-01 14:37:33.582] INFO [ShardManager]: No rebalancing needed
[2025-09-01 14:42:33.579] INFO [ShardManager]: Starting shard rebalancing...
[2025-09-01 14:42:33.581] INFO [ShardManager]: No rebalancing needed
[2025-09-01 14:47:33.612] INFO [ShardManager]: Starting shard rebalancing...
[2025-09-01 14:47:33.612] INFO [ShardManager]: No rebalancing needed
[2025-09-01 14:52:33.613] INFO [ShardManager]: Starting shard rebalancing...
[2025-09-01 14:52:33.614] INFO [ShardManager]: Migrating data from shard-1 to shard-0
[2025-09-01 14:52:33.614] INFO [ShardManager]: Shard rebalancing completed
[2025-09-01 14:57:33.616] INFO [ShardManager]: Starting shard rebalancing...
[2025-09-01 14:57:33.617] INFO [ShardManager]: Migrating data from shard-2 to shard-3
[2025-09-01 14:57:33.617] INFO [ShardManager]: Shard rebalancing completed
[2025-09-01 15:02:33.623] INFO [ShardManager]: Starting shard rebalancing...
[2025-09-01 15:02:33.624] INFO [ShardManager]: No rebalancing needed
[2025-09-01 15:07:33.638] INFO [ShardManager]: Starting shard rebalancing...
[2025-09-01 15:07:33.650] INFO [ShardManager]: No rebalancing needed
[2025-09-01 15:12:33.695] INFO [ShardManager]: Starting shard rebalancing...
[2025-09-01 15:12:34.300] INFO [ShardManager]: Migrating data from shard-3 to shard-0
[2025-09-01 15:12:34.471] INFO [ShardManager]: Shard rebalancing completed
[2025-09-01 15:17:33.643] INFO [ShardManager]: Starting shard rebalancing...
[2025-09-01 15:17:33.648] INFO [ShardManager]: No rebalancing needed
[2025-09-01 15:22:33.655] INFO [ShardManager]: Starting shard rebalancing...
[2025-09-01 15:22:33.656] INFO [ShardManager]: Migrating data from shard-0 to shard-1
[2025-09-01 15:22:33.658] INFO [ShardManager]: Shard rebalancing completed
[2025-09-01 15:27:33.672] INFO [ShardManager]: Starting shard rebalancing...
[2025-09-01 15:27:33.695] INFO [ShardManager]: Migrating data from shard-2 to shard-0
[2025-09-01 15:27:33.696] INFO [ShardManager]: Migrating data from shard-3 to shard-0
[2025-09-01 15:27:33.696] INFO [ShardManager]: Shard rebalancing completed
[2025-09-01 15:32:33.663] INFO [ShardManager]: Starting shard rebalancing...
[2025-09-01 15:32:33.672] INFO [ShardManager]: Migrating data from shard-1 to shard-3
[2025-09-01 15:32:33.676] INFO [ShardManager]: Shard rebalancing completed
[2025-09-01 15:37:33.689] INFO [ShardManager]: Starting shard rebalancing...
[2025-09-01 15:37:33.692] INFO [ShardManager]: Migrating data from shard-0 to shard-3
[2025-09-01 15:37:33.692] INFO [ShardManager]: Shard rebalancing completed
[2025-09-01 15:42:33.694] INFO [ShardManager]: Starting shard rebalancing...
[2025-09-01 15:42:33.695] INFO [ShardManager]: No rebalancing needed
[2025-09-01 15:47:33.713] INFO [ShardManager]: Starting shard rebalancing...
[2025-09-01 15:47:33.724] INFO [ShardManager]: Migrating data from shard-2 to shard-0
[2025-09-01 15:47:33.725] INFO [ShardManager]: Shard rebalancing completed
[2025-09-01 15:52:33.708] INFO [ShardManager]: Starting shard rebalancing...
[2025-09-01 15:52:33.709] INFO [ShardManager]: No rebalancing needed
[2025-09-01 15:57:33.712] INFO [ShardManager]: Starting shard rebalancing...
[2025-09-01 15:57:33.713] INFO [ShardManager]: No rebalancing needed
[2025-09-01 16:02:33.718] INFO [ShardManager]: Starting shard rebalancing...
[2025-09-01 16:02:33.719] INFO [ShardManager]: No rebalancing needed
[2025-09-01 16:07:33.666] INFO [ShardManager]: Starting shard rebalancing...
[2025-09-01 16:07:33.672] INFO [ShardManager]: No rebalancing needed
[2025-09-01 16:12:33.669] INFO [ShardManager]: Starting shard rebalancing...
[2025-09-01 16:12:33.675] INFO [ShardManager]: No rebalancing needed
[2025-09-01 16:17:33.669] INFO [ShardManager]: Starting shard rebalancing...
[2025-09-01 16:17:33.669] INFO [ShardManager]: Migrating data from shard-1 to shard-2
[2025-09-01 16:17:33.669] INFO [ShardManager]: Shard rebalancing completed
[2025-09-01 16:22:33.633] INFO [ShardManager]: Starting shard rebalancing...
[2025-09-01 16:22:33.641] INFO [ShardManager]: Migrating data from shard-0 to shard-2
[2025-09-01 16:22:33.641] INFO [ShardManager]: Shard rebalancing completed
[2025-09-01 16:27:33.631] INFO [ShardManager]: Starting shard rebalancing...
[2025-09-01 16:27:33.632] INFO [ShardManager]: Migrating data from shard-0 to shard-1
[2025-09-01 16:27:33.633] INFO [ShardManager]: Shard rebalancing completed
[2025-09-01 16:32:33.631] INFO [ShardManager]: Starting shard rebalancing...
[2025-09-01 16:32:33.632] INFO [ShardManager]: No rebalancing needed
